c:\users\hhx\documents\vc++\projects2\mfc_0310_1\mfc_0310_1\x64\debug\mfc_0310_1.pch
c:\users\hhx\documents\vc++\projects2\mfc_0310_1\mfc_0310_1\x64\debug\vc140.pdb
c:\users\hhx\documents\vc++\projects2\mfc_0310_1\mfc_0310_1\x64\debug\vc140.idb
c:\users\hhx\documents\vc++\projects2\mfc_0310_1\mfc_0310_1\x64\debug\stdafx.obj
c:\users\hhx\documents\vc++\projects2\mfc_0310_1\mfc_0310_1\x64\debug\mainfrm.obj
c:\users\hhx\documents\vc++\projects2\mfc_0310_1\mfc_0310_1\x64\debug\mfc_0310_1.obj
c:\users\hhx\documents\vc++\projects2\mfc_0310_1\mfc_0310_1\x64\debug\mfc_0310_1doc.obj
c:\users\hhx\documents\vc++\projects2\mfc_0310_1\mfc_0310_1\x64\debug\mfc_0310_1view.obj
c:\users\hhx\documents\vc++\projects2\mfc_0310_1\x64\debug\mfc_0310_1.ilk
c:\users\hhx\documents\vc++\projects2\mfc_0310_1\x64\debug\mfc_0310_1.exe
c:\users\hhx\documents\vc++\projects2\mfc_0310_1\x64\debug\mfc_0310_1.pdb
c:\users\hhx\documents\vc++\projects2\mfc_0310_1\mfc_0310_1\x64\debug\mfc_0310_1.res
c:\users\hhx\documents\vc++\projects2\mfc_0310_1\mfc_0310_1\x64\debug\mfc_0310_1.tlog\cl.command.1.tlog
c:\users\hhx\documents\vc++\projects2\mfc_0310_1\mfc_0310_1\x64\debug\mfc_0310_1.tlog\cl.read.1.tlog
c:\users\hhx\documents\vc++\projects2\mfc_0310_1\mfc_0310_1\x64\debug\mfc_0310_1.tlog\cl.write.1.tlog
c:\users\hhx\documents\vc++\projects2\mfc_0310_1\mfc_0310_1\x64\debug\mfc_0310_1.tlog\link.command.1.tlog
c:\users\hhx\documents\vc++\projects2\mfc_0310_1\mfc_0310_1\x64\debug\mfc_0310_1.tlog\link.read.1.tlog
c:\users\hhx\documents\vc++\projects2\mfc_0310_1\mfc_0310_1\x64\debug\mfc_0310_1.tlog\link.write.1.tlog
c:\users\hhx\documents\vc++\projects2\mfc_0310_1\mfc_0310_1\x64\debug\mfc_0310_1.tlog\rc.command.1.tlog
c:\users\hhx\documents\vc++\projects2\mfc_0310_1\mfc_0310_1\x64\debug\mfc_0310_1.tlog\rc.read.1.tlog
c:\users\hhx\documents\vc++\projects2\mfc_0310_1\mfc_0310_1\x64\debug\mfc_0310_1.tlog\rc.write.1.tlog
